This file contains any messages produced by compilers while
running configure, to aid debugging if configure makes a mistake.

It was created by LargeTIFFTools Software configure 1.4, which was
generated by GNU Autoconf 2.71.  Invocation command line was

  $ ./configure --with-jpeg-include-dir=/opt/local/include --no-create --no-recursion

## --------- ##
## Platform. ##
## --------- ##

hostname = leon.local
uname -m = x86_64
uname -r = 19.6.0
uname -s = Darwin
uname -v = Darwin Kernel Version 19.6.0: Thu May  6 00:48:39 PDT 2021; root:xnu-6153.141.33~1/RELEASE_X86_64

/usr/bin/uname -p = i386
/bin/uname -X     = unknown

/bin/arch              = unknown
/usr/bin/arch -k       = unknown
/usr/convex/getsysinfo = unknown
/usr/bin/hostinfo      = Mach kernel version:
	 Darwin Kernel Version 19.6.0: Thu May  6 00:48:39 PDT 2021; root:xnu-6153.141.33~1/RELEASE_X86_64
Kernel configured for up to 16 processors.
8 processors are physically available.
16 processors are logically available.
Processor type: x86_64h (Intel x86-64h Haswell)
Processors active: 0 1 2 3 4 5 6 7 8 9 10 11 12 13 14 15
Primary memory available: 16.00 gigabytes
Default processor set: 513 tasks, 2038 threads, 16 processors
Load average: 2.35, Mach factor: 13.64
/bin/machine           = unknown
/usr/bin/oslevel       = unknown
/bin/universe          = unknown

PATH: /usr/local/bin/
PATH: /opt/local/bin/
PATH: /opt/local/sbin/
PATH: /opt/local/share/java/android-sdk-macosx/platform-tools/
PATH: /opt/local/bin/
PATH: /opt/local/sbin/
PATH: /usr/local/bin/
PATH: /usr/bin/
PATH: /bin/
PATH: /usr/sbin/
PATH: /sbin/
PATH: /opt/X11/bin/
PATH: /Library/Apple/usr/bin/
PATH: /opt/local/bin/


## ----------- ##
## Core tests. ##
## ----------- ##

configure:2609: looking for aux files: compile missing install-sh
configure:2622:  trying ./
configure:2651:   ./compile found
configure:2651:   ./missing found
configure:2633:   ./install-sh found
configure:2780: checking for a BSD-compatible install
configure:2853: result: /opt/local/bin/ginstall -c
configure:2864: checking whether build environment is sane
configure:2919: result: yes
configure:3078: checking for a race-free mkdir -p
configure:3122: result: /opt/local/bin/gmkdir -p
configure:3129: checking for gawk
configure:3150: found /opt/local/bin/gawk
configure:3161: result: gawk
configure:3172: checking whether make sets $(MAKE)
configure:3195: result: yes
configure:3225: checking whether make supports nested variables
configure:3243: result: yes
configure:3433: checking for gcc
configure:3454: found /usr/bin/gcc
configure:3465: result: gcc
configure:3818: checking for C compiler version
configure:3827: gcc --version >&5
Apple clang version 12.0.0 (clang-1200.0.32.27)
Target: x86_64-apple-darwin19.6.0
Thread model: posix
InstalledDir: /Applications/Xcode.app/Contents/Developer/Toolchains/XcodeDefault.xctoolchain/usr/bin
Configured with: --prefix=/Applications/Xcode.app/Contents/Developer/usr --with-gxx-include-dir=/Library/Developer/CommandLineTools/SDKs/MacOSX10.15.sdk/usr/include/c++/4.2.1
configure:3838: $? = 0
configure:3827: gcc -v >&5
Configured with: --prefix=/Applications/Xcode.app/Contents/Developer/usr --with-gxx-include-dir=/Library/Developer/CommandLineTools/SDKs/MacOSX10.15.sdk/usr/include/c++/4.2.1
Apple clang version 12.0.0 (clang-1200.0.32.27)
Target: x86_64-apple-darwin19.6.0
Thread model: posix
InstalledDir: /Applications/Xcode.app/Contents/Developer/Toolchains/XcodeDefault.xctoolchain/usr/bin
configure:3838: $? = 0
configure:3827: gcc -V >&5
clang: error: argument to '-V' is missing (expected 1 value)
clang: error: no input files
configure:3838: $? = 1
configure:3827: gcc -qversion >&5
clang: error: unknown argument '-qversion'; did you mean '--version'?
clang: error: no input files
configure:3838: $? = 1
configure:3827: gcc -version >&5
clang: error: unknown argument '-version'; did you mean '--version'?
clang: error: no input files
configure:3838: $? = 1
configure:3858: checking whether the C compiler works
configure:3880: gcc    conftest.c  >&5
configure:3884: $? = 0
configure:3934: result: yes
configure:3937: checking for C compiler default output file name
configure:3939: result: a.out
configure:3945: checking for suffix of executables
configure:3952: gcc -o conftest    conftest.c  >&5
configure:3956: $? = 0
configure:3979: result: 
configure:4001: checking whether we are cross compiling
configure:4009: gcc -o conftest    conftest.c  >&5
configure:4013: $? = 0
configure:4020: ./conftest
configure:4024: $? = 0
configure:4039: result: no
configure:4044: checking for suffix of object files
configure:4067: gcc -c   conftest.c >&5
configure:4071: $? = 0
configure:4093: result: o
configure:4097: checking whether the compiler supports GNU C
configure:4117: gcc -c   conftest.c >&5
configure:4117: $? = 0
configure:4127: result: yes
configure:4138: checking whether gcc accepts -g
configure:4159: gcc -c -g  conftest.c >&5
configure:4159: $? = 0
configure:4203: result: yes
configure:4223: checking for gcc option to enable C11 features
configure:4238: gcc  -c -g -O2  conftest.c >&5
configure:4238: $? = 0
configure:4256: result: none needed
configure:4372: checking whether gcc understands -c and -o together
configure:4395: gcc -c conftest.c -o conftest2.o
configure:4398: $? = 0
configure:4395: gcc -c conftest.c -o conftest2.o
configure:4398: $? = 0
configure:4410: result: yes
configure:4430: checking whether make supports the include directive
configure:4445: make -f confmf.GNU && cat confinc.out
this is the am__doit target
configure:4448: $? = 0
configure:4467: result: yes (GNU style)
configure:4493: checking dependency style of gcc
configure:4605: result: gcc3
configure:4633: checking for gcc option to support OpenMP
configure:4655: gcc -c -g -O2   conftest.c >&5
conftest.c:13:2: error: "OpenMP not supported"
#error "OpenMP not supported"
 ^
conftest.c:15:10: fatal error: 'omp.h' file not found
#include <omp.h>
         ^~~~~~~
2 errors generated.
configure:4655: $? = 1
configure: failed program was:
| /* confdefs.h */
| #define PACKAGE_NAME "LargeTIFFTools Software"
| #define PACKAGE_TARNAME "largetifftools"
| #define PACKAGE_VERSION "1.4"
| #define PACKAGE_STRING "LargeTIFFTools Software 1.4"
| #define PACKAGE_BUGREPORT ""
| #define PACKAGE_URL ""
| #define PACKAGE "largetifftools"
| #define VERSION "1.4"
| /* end confdefs.h.  */
| 
| #ifndef _OPENMP
| #error "OpenMP not supported"
| #endif
| #include <omp.h>
| int main (void) { return omp_get_num_threads (); }
| 
configure:4655: gcc -c -g -O2 -fopenmp  conftest.c >&5
clang: error: unsupported option '-fopenmp'
configure:4655: $? = 1
configure: failed program was:
| /* confdefs.h */
| #define PACKAGE_NAME "LargeTIFFTools Software"
| #define PACKAGE_TARNAME "largetifftools"
| #define PACKAGE_VERSION "1.4"
| #define PACKAGE_STRING "LargeTIFFTools Software 1.4"
| #define PACKAGE_BUGREPORT ""
| #define PACKAGE_URL ""
| #define PACKAGE "largetifftools"
| #define VERSION "1.4"
| /* end confdefs.h.  */
| 
| #ifndef _OPENMP
| #error "OpenMP not supported"
| #endif
| #include <omp.h>
| int main (void) { return omp_get_num_threads (); }
| 
configure:4655: gcc -c -g -O2 -xopenmp  conftest.c >&5
clang: error: language not recognized: 'openmp'
clang: warning: conftest.c: 'linker' input unused [-Wunused-command-line-argument]
configure:4655: $? = 1
configure: failed program was:
| /* confdefs.h */
| #define PACKAGE_NAME "LargeTIFFTools Software"
| #define PACKAGE_TARNAME "largetifftools"
| #define PACKAGE_VERSION "1.4"
| #define PACKAGE_STRING "LargeTIFFTools Software 1.4"
| #define PACKAGE_BUGREPORT ""
| #define PACKAGE_URL ""
| #define PACKAGE "largetifftools"
| #define VERSION "1.4"
| /* end confdefs.h.  */
| 
| #ifndef _OPENMP
| #error "OpenMP not supported"
| #endif
| #include <omp.h>
| int main (void) { return omp_get_num_threads (); }
| 
configure:4655: gcc -c -g -O2 -openmp  conftest.c >&5
conftest.c:13:2: error: "OpenMP not supported"
#error "OpenMP not supported"
 ^
conftest.c:15:10: fatal error: 'omp.h' file not found
#include <omp.h>
         ^~~~~~~
2 errors generated.
configure:4655: $? = 1
configure: failed program was:
| /* confdefs.h */
| #define PACKAGE_NAME "LargeTIFFTools Software"
| #define PACKAGE_TARNAME "largetifftools"
| #define PACKAGE_VERSION "1.4"
| #define PACKAGE_STRING "LargeTIFFTools Software 1.4"
| #define PACKAGE_BUGREPORT ""
| #define PACKAGE_URL ""
| #define PACKAGE "largetifftools"
| #define VERSION "1.4"
| /* end confdefs.h.  */
| 
| #ifndef _OPENMP
| #error "OpenMP not supported"
| #endif
| #include <omp.h>
| int main (void) { return omp_get_num_threads (); }
| 
configure:4655: gcc -c -g -O2 -mp  conftest.c >&5
clang: error: unknown argument: '-mp'
configure:4655: $? = 1
configure: failed program was:
| /* confdefs.h */
| #define PACKAGE_NAME "LargeTIFFTools Software"
| #define PACKAGE_TARNAME "largetifftools"
| #define PACKAGE_VERSION "1.4"
| #define PACKAGE_STRING "LargeTIFFTools Software 1.4"
| #define PACKAGE_BUGREPORT ""
| #define PACKAGE_URL ""
| #define PACKAGE "largetifftools"
| #define VERSION "1.4"
| /* end confdefs.h.  */
| 
| #ifndef _OPENMP
| #error "OpenMP not supported"
| #endif
| #include <omp.h>
| int main (void) { return omp_get_num_threads (); }
| 
configure:4655: gcc -c -g -O2 -omp  conftest.c >&5
conftest.c:13:2: error: "OpenMP not supported"
#error "OpenMP not supported"
 ^
conftest.c:15:10: fatal error: 'omp.h' file not found
#include <omp.h>
         ^~~~~~~
2 errors generated.
configure:4655: $? = 1
configure: failed program was:
| /* confdefs.h */
| #define PACKAGE_NAME "LargeTIFFTools Software"
| #define PACKAGE_TARNAME "largetifftools"
| #define PACKAGE_VERSION "1.4"
| #define PACKAGE_STRING "LargeTIFFTools Software 1.4"
| #define PACKAGE_BUGREPORT ""
| #define PACKAGE_URL ""
| #define PACKAGE "largetifftools"
| #define VERSION "1.4"
| /* end confdefs.h.  */
| 
| #ifndef _OPENMP
| #error "OpenMP not supported"
| #endif
| #include <omp.h>
| int main (void) { return omp_get_num_threads (); }
| 
configure:4655: gcc -c -g -O2 -qsmp=omp  conftest.c >&5
clang: error: unknown argument: '-qsmp=omp'
configure:4655: $? = 1
configure: failed program was:
| /* confdefs.h */
| #define PACKAGE_NAME "LargeTIFFTools Software"
| #define PACKAGE_TARNAME "largetifftools"
| #define PACKAGE_VERSION "1.4"
| #define PACKAGE_STRING "LargeTIFFTools Software 1.4"
| #define PACKAGE_BUGREPORT ""
| #define PACKAGE_URL ""
| #define PACKAGE "largetifftools"
| #define VERSION "1.4"
| /* end confdefs.h.  */
| 
| #ifndef _OPENMP
| #error "OpenMP not supported"
| #endif
| #include <omp.h>
| int main (void) { return omp_get_num_threads (); }
| 
configure:4655: gcc -c -g -O2 -homp  conftest.c >&5
clang: error: unknown argument: '-homp'
configure:4655: $? = 1
configure: failed program was:
| /* confdefs.h */
| #define PACKAGE_NAME "LargeTIFFTools Software"
| #define PACKAGE_TARNAME "largetifftools"
| #define PACKAGE_VERSION "1.4"
| #define PACKAGE_STRING "LargeTIFFTools Software 1.4"
| #define PACKAGE_BUGREPORT ""
| #define PACKAGE_URL ""
| #define PACKAGE "largetifftools"
| #define VERSION "1.4"
| /* end confdefs.h.  */
| 
| #ifndef _OPENMP
| #error "OpenMP not supported"
| #endif
| #include <omp.h>
| int main (void) { return omp_get_num_threads (); }
| 
configure:4655: gcc -c -g -O2 -Popenmp  conftest.c >&5
clang: error: unknown argument '-Popenmp'; did you mean '-fopenmp'?
configure:4655: $? = 1
configure: failed program was:
| /* confdefs.h */
| #define PACKAGE_NAME "LargeTIFFTools Software"
| #define PACKAGE_TARNAME "largetifftools"
| #define PACKAGE_VERSION "1.4"
| #define PACKAGE_STRING "LargeTIFFTools Software 1.4"
| #define PACKAGE_BUGREPORT ""
| #define PACKAGE_URL ""
| #define PACKAGE "largetifftools"
| #define VERSION "1.4"
| /* end confdefs.h.  */
| 
| #ifndef _OPENMP
| #error "OpenMP not supported"
| #endif
| #include <omp.h>
| int main (void) { return omp_get_num_threads (); }
| 
configure:4655: gcc -c -g -O2 --openmp  conftest.c >&5
clang: error: unsupported option '--openmp'; did you mean '-fopenmp'?
configure:4655: $? = 1
configure: failed program was:
| /* confdefs.h */
| #define PACKAGE_NAME "LargeTIFFTools Software"
| #define PACKAGE_TARNAME "largetifftools"
| #define PACKAGE_VERSION "1.4"
| #define PACKAGE_STRING "LargeTIFFTools Software 1.4"
| #define PACKAGE_BUGREPORT ""
| #define PACKAGE_URL ""
| #define PACKAGE "largetifftools"
| #define VERSION "1.4"
| /* end confdefs.h.  */
| 
| #ifndef _OPENMP
| #error "OpenMP not supported"
| #endif
| #include <omp.h>
| int main (void) { return omp_get_num_threads (); }
| 
configure:4690: result: unsupported
configure:4708: checking for stdio.h
configure:4708: gcc -c -g -O2   conftest.c >&5
configure:4708: $? = 0
configure:4708: result: yes
configure:4708: checking for stdlib.h
configure:4708: gcc -c -g -O2   conftest.c >&5
configure:4708: $? = 0
configure:4708: result: yes
configure:4708: checking for string.h
configure:4708: gcc -c -g -O2   conftest.c >&5
configure:4708: $? = 0
configure:4708: result: yes
configure:4708: checking for inttypes.h
configure:4708: gcc -c -g -O2   conftest.c >&5
configure:4708: $? = 0
configure:4708: result: yes
configure:4708: checking for stdint.h
configure:4708: gcc -c -g -O2   conftest.c >&5
configure:4708: $? = 0
configure:4708: result: yes
configure:4708: checking for strings.h
configure:4708: gcc -c -g -O2   conftest.c >&5
configure:4708: $? = 0
configure:4708: result: yes
configure:4708: checking for sys/stat.h
configure:4708: gcc -c -g -O2   conftest.c >&5
configure:4708: $? = 0
configure:4708: result: yes
configure:4708: checking for sys/types.h
configure:4708: gcc -c -g -O2   conftest.c >&5
configure:4708: $? = 0
configure:4708: result: yes
configure:4708: checking for unistd.h
configure:4708: gcc -c -g -O2   conftest.c >&5
configure:4708: $? = 0
configure:4708: result: yes
configure:4733: checking for stdlib.h
configure:4733: result: yes
configure:4739: checking for string.h
configure:4739: result: yes
configure:4745: checking for strings.h
configure:4745: result: yes
configure:4754: checking for size_t
configure:4754: gcc -c -g -O2   conftest.c >&5
configure:4754: $? = 0
configure:4754: gcc -c -g -O2   conftest.c >&5
conftest.c:55:21: error: expected expression
if (sizeof ((size_t)))
                    ^
1 error generated.
configure:4754: $? = 1
configure: failed program was:
| /* confdefs.h */
| #define PACKAGE_NAME "LargeTIFFTools Software"
| #define PACKAGE_TARNAME "largetifftools"
| #define PACKAGE_VERSION "1.4"
| #define PACKAGE_STRING "LargeTIFFTools Software 1.4"
| #define PACKAGE_BUGREPORT ""
| #define PACKAGE_URL ""
| #define PACKAGE "largetifftools"
| #define VERSION "1.4"
| #define HAVE_STDIO_H 1
| #define HAVE_STDLIB_H 1
| #define HAVE_STRING_H 1
| #define HAVE_INTTYPES_H 1
| #define HAVE_STDINT_H 1
| #define HAVE_STRINGS_H 1
| #define HAVE_SYS_STAT_H 1
| #define HAVE_SYS_TYPES_H 1
| #define HAVE_UNISTD_H 1
| #define STDC_HEADERS 1
| #define HAVE_STDLIB_H 1
| #define HAVE_STRING_H 1
| #define HAVE_STRINGS_H 1
| /* end confdefs.h.  */
| #include <stddef.h>
| #ifdef HAVE_STDIO_H
| # include <stdio.h>
| #endif
| #ifdef HAVE_STDLIB_H
| # include <stdlib.h>
| #endif
| #ifdef HAVE_STRING_H
| # include <string.h>
| #endif
| #ifdef HAVE_INTTYPES_H
| # include <inttypes.h>
| #endif
| #ifdef HAVE_STDINT_H
| # include <stdint.h>
| #endif
| #ifdef HAVE_STRINGS_H
| # include <strings.h>
| #endif
| #ifdef HAVE_SYS_TYPES_H
| # include <sys/types.h>
| #endif
| #ifdef HAVE_SYS_STAT_H
| # include <sys/stat.h>
| #endif
| #ifdef HAVE_UNISTD_H
| # include <unistd.h>
| #endif
| int
| main (void)
| {
| if (sizeof ((size_t)))
| 	    return 0;
|   ;
|   return 0;
| }
configure:4754: result: yes
configure:4767: checking for strcasecmp
configure:4767: gcc -o conftest -g -O2    conftest.c  >&5
conftest.c:40:6: warning: incompatible redeclaration of library function 'strcasecmp' [-Wincompatible-library-redeclaration]
char strcasecmp ();
     ^
conftest.c:40:6: note: 'strcasecmp' is a builtin with type 'int (const char *, const char *)'
1 warning generated.
configure:4767: $? = 0
configure:4767: result: yes
configure:4773: checking for strchr
configure:4773: gcc -o conftest -g -O2    conftest.c  >&5
conftest.c:41:6: warning: incompatible redeclaration of library function 'strchr' [-Wincompatible-library-redeclaration]
char strchr ();
     ^
conftest.c:41:6: note: 'strchr' is a builtin with type 'char *(const char *, int)'
1 warning generated.
configure:4773: $? = 0
configure:4773: result: yes
configure:4779: checking for strncasecmp
configure:4779: gcc -o conftest -g -O2    conftest.c  >&5
conftest.c:42:6: warning: incompatible redeclaration of library function 'strncasecmp' [-Wincompatible-library-redeclaration]
char strncasecmp ();
     ^
conftest.c:42:6: note: 'strncasecmp' is a builtin with type 'int (const char *, const char *, unsigned long)'
1 warning generated.
configure:4779: $? = 0
configure:4779: result: yes
configure:4785: checking for strtoul
configure:4785: gcc -o conftest -g -O2    conftest.c  >&5
conftest.c:43:6: warning: incompatible redeclaration of library function 'strtoul' [-Wincompatible-library-redeclaration]
char strtoul ();
     ^
conftest.c:43:6: note: 'strtoul' is a builtin with type 'unsigned long (const char *, char **, int)'
1 warning generated.
configure:4785: $? = 0
configure:4785: result: yes
configure:4791: checking for strtoull
configure:4791: gcc -o conftest -g -O2    conftest.c  >&5
conftest.c:44:6: warning: incompatible redeclaration of library function 'strtoull' [-Wincompatible-library-redeclaration]
char strtoull ();
     ^
conftest.c:44:6: note: 'strtoull' is a builtin with type 'unsigned long long (const char *, char **, int)'
1 warning generated.
configure:4791: $? = 0
configure:4791: result: yes
configure:4799: checking for lroundl in -lm
configure:4822: gcc -o conftest -g -O2    conftest.c -lm   >&5
conftest.c:33:6: warning: incompatible redeclaration of library function 'lroundl' [-Wincompatible-library-redeclaration]
char lroundl ();
     ^
conftest.c:33:6: note: 'lroundl' is a builtin with type 'long (long double)'
1 warning generated.
configure:4822: $? = 0
configure:4832: result: yes
configure:4855: checking for special C compiler options needed for large files
configure:4903: result: no
configure:4909: checking for _FILE_OFFSET_BITS value needed for large files
configure:4935: gcc -c -g -O2   conftest.c >&5
configure:4935: $? = 0
configure:4969: result: no
configure:5077: checking for jpeg_read_scanlines in -ljpeg
configure:5100: gcc -o conftest -g -O2    conftest.c -ljpeg  -lm  >&5
configure:5100: $? = 0
configure:5110: result: yes
configure:5130: checking for jpeglib.h
configure:5130: gcc -c -g -O2  -I/opt/local/include  conftest.c >&5
configure:5130: $? = 0
configure:5130: result: yes
configure:5173: checking for png_create_write_struct in -lpng
configure:5196: gcc -o conftest -g -O2  -I/opt/local/include   conftest.c -lpng  -ljpeg -lm  >&5
configure:5196: $? = 0
configure:5206: result: yes
configure:5222: checking for png.h
configure:5222: gcc -c -g -O2  -I/opt/local/include  conftest.c >&5
configure:5222: $? = 0
configure:5222: result: yes
configure:5246: checking if libpng defines type png_const_bytep
configure:5259: gcc -c -g -O2  -I/opt/local/include  conftest.c >&5
configure:5259: $? = 0
configure:5277: result: yes
configure:5310: checking for ZSTD_decompressStream in -lzstd
configure:5333: gcc -o conftest -g -O2  -I/opt/local/include   conftest.c -lzstd  -lpng -ljpeg -lm  >&5
configure:5333: $? = 0
configure:5343: result: yes
configure:5359: checking for zstd.h
configure:5359: gcc -c -g -O2  -I/opt/local/include  conftest.c >&5
configure:5359: $? = 0
configure:5359: result: yes
configure:5429: checking for WebPDecode in -lwebp
configure:5452: gcc -o conftest -g -O2  -I/opt/local/include   conftest.c -lwebp  -lzstd -lpng -ljpeg -lm  >&5
configure:5452: $? = 0
configure:5462: result: yes
configure:5478: checking for webp/decode.h
configure:5478: gcc -c -g -O2  -I/opt/local/include  conftest.c >&5
configure:5478: $? = 0
configure:5478: result: yes
configure:5540: checking for TIFFReadScanline in -ltiff
configure:5563: gcc -o conftest -g -O2  -I/opt/local/include   conftest.c -ltiff  -lwebp -lzstd -lpng -ljpeg -lm  >&5
configure:5563: $? = 0
configure:5573: result: yes
configure:5589: checking for TIFFTileSize64 in -ltiff
configure:5612: gcc -o conftest -g -O2  -I/opt/local/include   conftest.c -ltiff  -lwebp -lzstd -lpng -ljpeg -lm  >&5
configure:5612: $? = 0
configure:5622: result: yes
configure:5639: checking for tiff.h
configure:5639: gcc -c -g -O2  -I/opt/local/include  conftest.c >&5
configure:5639: $? = 0
configure:5639: result: yes
configure:5647: checking for tiffio.h
configure:5647: gcc -c -g -O2  -I/opt/local/include  conftest.c >&5
configure:5647: $? = 0
configure:5647: result: yes
configure:5680: checking size of signed int
configure:5686: gcc -o conftest -g -O2  -I/opt/local/include   conftest.c -ltiff -lwebp -lzstd -lpng -ljpeg -lm  >&5
configure:5686: $? = 0
configure:5686: ./conftest
configure:5686: $? = 0
configure:5701: result: 4
configure:5715: checking size of unsigned int
configure:5721: gcc -o conftest -g -O2  -I/opt/local/include   conftest.c -ltiff -lwebp -lzstd -lpng -ljpeg -lm  >&5
configure:5721: $? = 0
configure:5721: ./conftest
configure:5721: $? = 0
configure:5736: result: 4
configure:5750: checking size of signed long
configure:5756: gcc -o conftest -g -O2  -I/opt/local/include   conftest.c -ltiff -lwebp -lzstd -lpng -ljpeg -lm  >&5
configure:5756: $? = 0
configure:5756: ./conftest
configure:5756: $? = 0
configure:5771: result: 8
configure:5785: checking size of unsigned long
configure:5791: gcc -o conftest -g -O2  -I/opt/local/include   conftest.c -ltiff -lwebp -lzstd -lpng -ljpeg -lm  >&5
configure:5791: $? = 0
configure:5791: ./conftest
configure:5791: $? = 0
configure:5806: result: 8
configure:5826: checking size of unsigned long long
configure:5832: gcc -o conftest -g -O2  -I/opt/local/include   conftest.c -ltiff -lwebp -lzstd -lpng -ljpeg -lm  >&5
configure:5832: $? = 0
configure:5832: ./conftest
configure:5832: $? = 0
configure:5847: result: 8
configure:5862: checking size of size_t
configure:5868: gcc -o conftest -g -O2  -I/opt/local/include   conftest.c -ltiff -lwebp -lzstd -lpng -ljpeg -lm  >&5
configure:5868: $? = 0
configure:5868: ./conftest
configure:5868: $? = 0
configure:5883: result: 8
configure:5892: checking for signed 32-bit format
configure:5909: result: "%d"
configure:5912: checking for unsigned 32-bit format
configure:5929: result: "%u"
configure:5932: checking for signed 64-bit format
configure:5959: result: "%ld"
configure:5963: checking for unsigned 64-bit format
configure:5997: result: "%llu"
configure:6000: checking for 'size_t' format specifier
configure:6021: result: "%lu"
configure:6140: checking that generated files are newer than configure
configure:6146: result: done
configure:6177: creating ./config.status
configure:7500: result:
LargeTIFFTools are now configured with:

  Installation directory:             /usr/local
  C compiler:                         gcc -g -O2 
  OpenMP compiler flags:              

  Support BigTIFF:                    yes
  Support PNG writing:                yes
  Support ZSTD compression:           yes
  Support WebP compression:           yes


## ---------------- ##
## Cache variables. ##
## ---------------- ##

ac_cv_c_compiler_gnu=yes
ac_cv_env_CC_set=
ac_cv_env_CC_value=
ac_cv_env_CFLAGS_set=
ac_cv_env_CFLAGS_value=
ac_cv_env_CPPFLAGS_set=
ac_cv_env_CPPFLAGS_value=
ac_cv_env_LDFLAGS_set=
ac_cv_env_LDFLAGS_value=
ac_cv_env_LIBS_set=
ac_cv_env_LIBS_value=
ac_cv_env_build_alias_set=
ac_cv_env_build_alias_value=
ac_cv_env_host_alias_set=
ac_cv_env_host_alias_value=
ac_cv_env_target_alias_set=
ac_cv_env_target_alias_value=
ac_cv_func_strcasecmp=yes
ac_cv_func_strchr=yes
ac_cv_func_strncasecmp=yes
ac_cv_func_strtoul=yes
ac_cv_func_strtoull=yes
ac_cv_header_inttypes_h=yes
ac_cv_header_jpeglib_h=yes
ac_cv_header_png_h=yes
ac_cv_header_stdint_h=yes
ac_cv_header_stdio_h=yes
ac_cv_header_stdlib_h=yes
ac_cv_header_string_h=yes
ac_cv_header_strings_h=yes
ac_cv_header_sys_stat_h=yes
ac_cv_header_sys_types_h=yes
ac_cv_header_tiff_h=yes
ac_cv_header_tiffio_h=yes
ac_cv_header_unistd_h=yes
ac_cv_header_webp_decode_h=yes
ac_cv_header_zstd_h=yes
ac_cv_lib_jpeg_jpeg_read_scanlines=yes
ac_cv_lib_m_lroundl=yes
ac_cv_lib_png_png_create_write_struct=yes
ac_cv_lib_tiff_TIFFReadScanline=yes
ac_cv_lib_tiff_TIFFTileSize64=yes
ac_cv_lib_webp_WebPDecode=yes
ac_cv_lib_zstd_ZSTD_decompressStream=yes
ac_cv_objext=o
ac_cv_path_install='/opt/local/bin/ginstall -c'
ac_cv_path_mkdir=/opt/local/bin/gmkdir
ac_cv_prog_AWK=gawk
ac_cv_prog_ac_ct_CC=gcc
ac_cv_prog_c_openmp=unsupported
ac_cv_prog_cc_c11=
ac_cv_prog_cc_g=yes
ac_cv_prog_cc_stdc=
ac_cv_prog_make_make_set=yes
ac_cv_sizeof_signed_int=4
ac_cv_sizeof_signed_long=8
ac_cv_sizeof_size_t=8
ac_cv_sizeof_unsigned_int=4
ac_cv_sizeof_unsigned_long=8
ac_cv_sizeof_unsigned_long_long=8
ac_cv_sys_file_offset_bits=no
ac_cv_sys_largefile_CC=no
ac_cv_type_size_t=yes
am_cv_CC_dependencies_compiler_type=gcc3
am_cv_make_support_nested_variables=yes
am_cv_prog_cc_c_o=yes

## ----------------- ##
## Output variables. ##
## ----------------- ##

ACLOCAL='${SHELL} '\''/Users/deroulers/Logiciels/Images/LargeTIFFTools/largetifftools-1.4/missing'\'' aclocal-1.16'
AMDEPBACKSLASH='\'
AMDEP_FALSE='#'
AMDEP_TRUE=''
AMTAR='$${TAR-tar}'
AM_BACKSLASH='\'
AM_DEFAULT_V='$(AM_DEFAULT_VERBOSITY)'
AM_DEFAULT_VERBOSITY='1'
AM_V='$(V)'
AUTOCONF='${SHELL} '\''/Users/deroulers/Logiciels/Images/LargeTIFFTools/largetifftools-1.4/missing'\'' autoconf'
AUTOHEADER='${SHELL} '\''/Users/deroulers/Logiciels/Images/LargeTIFFTools/largetifftools-1.4/missing'\'' autoheader'
AUTOMAKE='${SHELL} '\''/Users/deroulers/Logiciels/Images/LargeTIFFTools/largetifftools-1.4/missing'\'' automake-1.16'
AWK='gawk'
CC='gcc'
CCDEPMODE='depmode=gcc3'
CFLAGS='-g -O2 '
CPPFLAGS='-I/opt/local/include '
CYGPATH_W='echo'
DEFS='-DHAVE_CONFIG_H'
DEPDIR='.deps'
ECHO_C='\c'
ECHO_N=''
ECHO_T=''
EXEEXT=''
HAVE_WEBP_FALSE='#'
HAVE_WEBP_TRUE=''
HAVE_ZSTD_FALSE='#'
HAVE_ZSTD_TRUE=''
INSTALL_DATA='${INSTALL} -m 644'
INSTALL_PROGRAM='${INSTALL}'
INSTALL_SCRIPT='${INSTALL}'
INSTALL_STRIP_PROGRAM='$(install_sh) -c -s'
LDFLAGS=''
LIBOBJS=''
LIBS='-ltiff -lwebp -lzstd -lpng -ljpeg -lm '
LTLIBOBJS=''
MAKEINFO='${SHELL} '\''/Users/deroulers/Logiciels/Images/LargeTIFFTools/largetifftools-1.4/missing'\'' makeinfo'
MKDIR_P='/opt/local/bin/gmkdir -p'
OBJEXT='o'
OPENMP_CFLAGS=''
PACKAGE='largetifftools'
PACKAGE_BUGREPORT=''
PACKAGE_NAME='LargeTIFFTools Software'
PACKAGE_STRING='LargeTIFFTools Software 1.4'
PACKAGE_TARNAME='largetifftools'
PACKAGE_URL=''
PACKAGE_VERSION='1.4'
PATH_SEPARATOR=':'
SET_MAKE=''
SHELL='/bin/sh'
STRIP=''
VERSION='1.4'
ac_ct_CC='gcc'
am__EXEEXT_FALSE=''
am__EXEEXT_TRUE='#'
am__fastdepCC_FALSE='#'
am__fastdepCC_TRUE=''
am__include='include'
am__isrc=''
am__leading_dot='.'
am__nodep='_no'
am__quote=''
am__tar='$${TAR-tar} chof - "$$tardir"'
am__untar='$${TAR-tar} xf -'
bindir='${exec_prefix}/bin'
build_alias=''
datadir='${datarootdir}'
datarootdir='${prefix}/share'
docdir='${datarootdir}/doc/${PACKAGE_TARNAME}'
dvidir='${docdir}'
exec_prefix='${prefix}'
host_alias=''
htmldir='${docdir}'
includedir='${prefix}/include'
infodir='${datarootdir}/info'
install_sh='${SHELL} /Users/deroulers/Logiciels/Images/LargeTIFFTools/largetifftools-1.4/install-sh'
libdir='${exec_prefix}/lib'
libexecdir='${exec_prefix}/libexec'
localedir='${datarootdir}/locale'
localstatedir='${prefix}/var'
mandir='${datarootdir}/man'
mkdir_p='$(MKDIR_P)'
oldincludedir='/usr/include'
pdfdir='${docdir}'
prefix='/usr/local'
program_transform_name='s,x,x,'
psdir='${docdir}'
runstatedir='${localstatedir}/run'
sbindir='${exec_prefix}/sbin'
sharedstatedir='${prefix}/com'
sysconfdir='${prefix}/etc'
target_alias=''

## ----------- ##
## confdefs.h. ##
## ----------- ##

/* confdefs.h */
#define PACKAGE_NAME "LargeTIFFTools Software"
#define PACKAGE_TARNAME "largetifftools"
#define PACKAGE_VERSION "1.4"
#define PACKAGE_STRING "LargeTIFFTools Software 1.4"
#define PACKAGE_BUGREPORT ""
#define PACKAGE_URL ""
#define PACKAGE "largetifftools"
#define VERSION "1.4"
#define HAVE_STDIO_H 1
#define HAVE_STDLIB_H 1
#define HAVE_STRING_H 1
#define HAVE_INTTYPES_H 1
#define HAVE_STDINT_H 1
#define HAVE_STRINGS_H 1
#define HAVE_SYS_STAT_H 1
#define HAVE_SYS_TYPES_H 1
#define HAVE_UNISTD_H 1
#define STDC_HEADERS 1
#define HAVE_STDLIB_H 1
#define HAVE_STRING_H 1
#define HAVE_STRINGS_H 1
#define HAVE_STRCASECMP 1
#define HAVE_STRCHR 1
#define HAVE_STRNCASECMP 1
#define HAVE_STRTOUL 1
#define HAVE_STRTOULL 1
#define HAVE_LIBM 1
#define HAVE_PNG 1
#define HAVE_PNG_CONST_BYTEP 1
#define ZSTD_SUPPORT 1
#define WEBP_SUPPORT 1
#define SIZEOF_SIGNED_INT 4
#define SIZEOF_UNSIGNED_INT 4
#define SIZEOF_SIGNED_LONG 8
#define SIZEOF_UNSIGNED_LONG 8
#define SIZEOF_UNSIGNED_LONG_LONG 8
#define SIZEOF_SIZE_T 8
#define INT32_FORMAT "%d"
#define UINT32_FORMAT "%u"
#define INT64_FORMAT "%ld"
#define UINT64_FORMAT "%llu"
#define UINT64_HEX_FORMAT "%llx"
#define SIZE_FORMAT "%lu"

configure: exit 0

## ---------------------- ##
## Running config.status. ##
## ---------------------- ##

This file was extended by LargeTIFFTools Software config.status 1.4, which was
generated by GNU Autoconf 2.71.  Invocation command line was

  CONFIG_FILES    = 
  CONFIG_HEADERS  = 
  CONFIG_LINKS    = 
  CONFIG_COMMANDS = 
  $ ./config.status 

on leon.local

config.status:877: creating Makefile
config.status:877: creating doc/Makefile
config.status:877: creating man/Makefile
config.status:877: creating src/Makefile
config.status:877: creating test/Makefile
config.status:877: creating config.h
config.status:1058: config.h is unchanged
config.status:1106: executing depfiles commands
config.status:1183: cd src       && sed -e '/# am--include-marker/d' Makefile         | make -f - am--depfiles
make[2]: Nothing to be done for `am--depfiles'.
config.status:1188: $? = 0

## ---------------------- ##
## Running config.status. ##
## ---------------------- ##

This file was extended by LargeTIFFTools Software config.status 1.4, which was
generated by GNU Autoconf 2.71.  Invocation command line was

  CONFIG_FILES    = 
  CONFIG_HEADERS  = 
  CONFIG_LINKS    = 
  CONFIG_COMMANDS = 
  $ ./config.status config.h

on leon.local

config.status:877: creating config.h
